<?xml version="1.0" encoding="UTF-8"?>
<!-- Generated by org.testng.reporters.JUnitXMLReporter -->
<testsuite ignored="0" hostname="kali" failures="0" tests="2" name="deliverable_2" time="12.271" errors="0" timestamp="2019-09-25T15:34:19 EDT">
  <testcase classname="projectautomation_deliverable_2_Test.Test_file_2" name="url_initilize" time="2.04"/>
  <testcase classname="projectautomation_deliverable_2_Test.Test_file_2" name="Click_signin_homepage" time="1.251"/>
</testsuite> <!-- deliverable_2 -->
